Aug 04, 2025 5:08:00 PM liquibase.changelog
INFO: Reading resource: db/changelog/migrations/db.changelog-001.sql
Aug 04, 2025 5:08:00 PM liquibase.changelog
INFO: Reading from board.databasechangelog
Aug 04, 2025 5:08:00 PM liquibase.changelog
INFO: Reading resource: db/changelog/migrations/db.changelog-002.sql
Aug 04, 2025 5:08:00 PM liquibase.changelog
INFO: Reading resource: db/changelog/migrations/db.changelog-003.sql
Aug 04, 2025 5:08:00 PM liquibase.changelog
INFO: Reading resource: db/changelog/migrations/db.changelog-004.sql
Database is up to date, no changesets to execute
Aug 04, 2025 5:08:01 PM liquibase.changelog
INFO: Reading from board.databasechangelog

UPDATE SUMMARY
Run:                          0
Previously run:               4
Filtered out:                 0
-------------------------------
Total change sets:            4

Aug 04, 2025 5:08:01 PM liquibase.util
INFO: UPDATE SUMMARY
Aug 04, 2025 5:08:01 PM liquibase.util
INFO: Run:                          0
Aug 04, 2025 5:08:01 PM liquibase.util
INFO: Previously run:               4
Aug 04, 2025 5:08:01 PM liquibase.util
INFO: Filtered out:                 0
Aug 04, 2025 5:08:01 PM liquibase.util
INFO: -------------------------------
Aug 04, 2025 5:08:01 PM liquibase.util
INFO: Total change sets:            4
Aug 04, 2025 5:08:01 PM liquibase.util
INFO: Update summary generated
Aug 04, 2025 5:08:01 PM liquibase.command
INFO: Command execution complete
